2025-08-28T10:19:49.125+03:00  INFO 11565 --- [restartedMain] com.yasarcarel.Application               : Starting Application using Java 17.0.16 with PID 11565 (/home/yasar/IdeaProjects/springboot/SpringBoot/target/classes started by yasar in /home/yasar/IdeaProjects/springboot/SpringBoot)
2025-08-28T10:19:49.142+03:00  INFO 11565 --- [restartedMain] com.yasarcarel.Application               : No active profile set, falling back to 1 default profile: "default"
2025-08-28T10:19:49.408+03:00  INFO 11565 --- [restartedMain] .e.DevToolsPropertyDefaultsPostProcessor : Devtools property defaults active! Set 'spring.devtools.add-properties' to 'false' to disable
2025-08-28T10:19:49.411+03:00  INFO 11565 --- [restartedMain] .e.DevToolsPropertyDefaultsPostProcessor : For additional web related logging consider setting the 'logging.level.web' property to 'DEBUG'
2025-08-28T10:19:52.301+03:00  INFO 11565 --- [restartedMain] .s.d.r.c.RepositoryConfigurationDelegate : Multiple Spring Data modules found, entering strict repository configuration mode
2025-08-28T10:19:52.304+03:00  INFO 11565 --- [restartedMain] .s.d.r.c.RepositoryConfigurationDelegate : Bootstrapping Spring Data JDBC repositories in DEFAULT mode.
2025-08-28T10:19:52.375+03:00  INFO 11565 --- [restartedMain] .s.d.r.c.RepositoryConfigurationDelegate : Finished Spring Data repository scanning in 49 ms. Found 0 JDBC repository interfaces.
2025-08-28T10:19:52.394+03:00  INFO 11565 --- [restartedMain] .s.d.r.c.RepositoryConfigurationDelegate : Multiple Spring Data modules found, entering strict repository configuration mode
2025-08-28T10:19:52.396+03:00  INFO 11565 --- [restartedMain] .s.d.r.c.RepositoryConfigurationDelegate : Bootstrapping Spring Data JPA repositories in DEFAULT mode.
2025-08-28T10:19:52.414+03:00  INFO 11565 --- [restartedMain] .s.d.r.c.RepositoryConfigurationDelegate : Finished Spring Data repository scanning in 5 ms. Found 0 JPA repository interfaces.
2025-08-28T10:19:53.889+03:00  INFO 11565 --- [restartedMain] o.s.b.w.embedded.tomcat.TomcatWebServer  : Tomcat initialized with port 8080 (http)
2025-08-28T10:19:53.915+03:00  INFO 11565 --- [restartedMain] o.apache.catalina.core.StandardService   : Starting service [Tomcat]
2025-08-28T10:19:53.917+03:00  INFO 11565 --- [restartedMain] o.apache.catalina.core.StandardEngine    : Starting Servlet engine: [Apache Tomcat/10.1.43]
2025-08-28T10:19:54.043+03:00  INFO 11565 --- [restartedMain] o.a.c.c.C.[Tomcat].[localhost].[/]       : Initializing Spring embedded WebApplicationContext
2025-08-28T10:19:54.044+03:00  INFO 11565 --- [restartedMain] w.s.c.ServletWebServerApplicationContext : Root WebApplicationContext: initialization completed in 4630 ms
2025-08-28T10:19:54.677+03:00  INFO 11565 --- [restartedMain] o.hibernate.jpa.internal.util.LogHelper  : HHH000204: Processing PersistenceUnitInfo [name: default]
2025-08-28T10:19:54.785+03:00  INFO 11565 --- [restartedMain] org.hibernate.Version                    : HHH000412: Hibernate ORM core version 6.6.22.Final
2025-08-28T10:19:54.853+03:00  INFO 11565 --- [restartedMain] o.h.c.internal.RegionFactoryInitiator    : HHH000026: Second-level cache disabled
2025-08-28T10:19:55.623+03:00  INFO 11565 --- [restartedMain] o.s.o.j.p.SpringPersistenceUnitInfo      : No LoadTimeWeaver setup: ignoring JPA class transformer
2025-08-28T10:19:55.689+03:00  INFO 11565 --- [restartedMain] com.zaxxer.hikari.HikariDataSource       : HikariPool-1 - Starting...
2025-08-28T10:19:56.178+03:00  INFO 11565 --- [restartedMain] com.zaxxer.hikari.pool.HikariPool        : HikariPool-1 - Added connection conn0: url=jdbc:h2:file:./memory_persist/denemedb user=ROOT
2025-08-28T10:19:56.181+03:00  INFO 11565 --- [restartedMain] com.zaxxer.hikari.HikariDataSource       : HikariPool-1 - Start completed.
2025-08-28T10:19:56.232+03:00  WARN 11565 --- [restartedMain] org.hibernate.orm.deprecation            : HHH90000025: H2Dialect does not need to be specified explicitly using 'hibernate.dialect' (remove the property setting and it will be selected by default)
2025-08-28T10:19:56.283+03:00  INFO 11565 --- [restartedMain] org.hibernate.orm.connections.pooling    : HHH10001005: Database info:
	Database JDBC URL [Connecting through datasource 'HikariDataSource (HikariPool-1)']
	Database driver: undefined/unknown
	Database version: 2.3.232
	Autocommit mode: undefined/unknown
	Isolation level: undefined/unknown
	Minimum pool size: undefined/unknown
	Maximum pool size: undefined/unknown
2025-08-28T10:19:57.163+03:00  INFO 11565 --- [restartedMain] o.h.e.t.j.p.i.JtaPlatformInitiator       : HHH000489: No JTA platform available (set 'hibernate.transaction.jta.platform' to enable JTA platform integration)
2025-08-28T10:19:57.172+03:00  INFO 11565 --- [restartedMain] j.LocalContainerEntityManagerFactoryBean : Initialized JPA EntityManagerFactory for persistence unit 'default'
2025-08-28T10:19:57.200+03:00  WARN 11565 --- [restartedMain] ConfigServletWebServerApplicationContext : Exception encountered during context initialization - cancelling refresh attempt: org.springframework.beans.factory.UnsatisfiedDependencyException: Error creating bean with name 'postConstructTutorials': Unsatisfied dependency expressed through field 'LOG': No qualifying bean of type 'java.util.logging.Logger' available: expected at least 1 bean which qualifies as autowire candidate. Dependency annotations: {@org.springframework.beans.factory.annotation.Autowired(required=true)}
2025-08-28T10:19:57.201+03:00  INFO 11565 --- [restartedMain] j.LocalContainerEntityManagerFactoryBean : Closing JPA EntityManagerFactory for persistence unit 'default'
2025-08-28T10:19:57.212+03:00  INFO 11565 --- [restartedMain] com.zaxxer.hikari.HikariDataSource       : HikariPool-1 - Shutdown initiated...
2025-08-28T10:19:57.221+03:00  INFO 11565 --- [restartedMain] com.zaxxer.hikari.HikariDataSource       : HikariPool-1 - Shutdown completed.
2025-08-28T10:19:57.226+03:00  INFO 11565 --- [restartedMain] o.apache.catalina.core.StandardService   : Stopping service [Tomcat]
2025-08-28T10:19:57.284+03:00  INFO 11565 --- [restartedMain] .s.b.a.l.ConditionEvaluationReportLogger : 

Error starting ApplicationContext. To display the condition evaluation report re-run your application with 'debug' enabled.
2025-08-28T10:19:57.339+03:00 ERROR 11565 --- [restartedMain] o.s.b.d.LoggingFailureAnalysisReporter   : 

***************************
APPLICATION FAILED TO START
***************************

Description:

Field LOG in com.yasarcarel.bean.PostConstructTutorials required a bean of type 'java.util.logging.Logger' that could not be found.

The injection point has the following annotations:
	- @org.springframework.beans.factory.annotation.Autowired(required=true)


Action:

Consider defining a bean of type 'java.util.logging.Logger' in your configuration.

2025-08-28T10:21:32.734+03:00  INFO 12055 --- [restartedMain] com.yasarcarel.Application               : Starting Application using Java 17.0.16 with PID 12055 (/home/yasar/IdeaProjects/springboot/SpringBoot/target/classes started by yasar in /home/yasar/IdeaProjects/springboot/SpringBoot)
2025-08-28T10:21:32.741+03:00  INFO 12055 --- [restartedMain] com.yasarcarel.Application               : No active profile set, falling back to 1 default profile: "default"
2025-08-28T10:21:32.863+03:00  INFO 12055 --- [restartedMain] .e.DevToolsPropertyDefaultsPostProcessor : Devtools property defaults active! Set 'spring.devtools.add-properties' to 'false' to disable
2025-08-28T10:21:32.866+03:00  INFO 12055 --- [restartedMain] .e.DevToolsPropertyDefaultsPostProcessor : For additional web related logging consider setting the 'logging.level.web' property to 'DEBUG'
2025-08-28T10:21:35.248+03:00  INFO 12055 --- [restartedMain] .s.d.r.c.RepositoryConfigurationDelegate : Multiple Spring Data modules found, entering strict repository configuration mode
2025-08-28T10:21:35.250+03:00  INFO 12055 --- [restartedMain] .s.d.r.c.RepositoryConfigurationDelegate : Bootstrapping Spring Data JDBC repositories in DEFAULT mode.
2025-08-28T10:21:35.287+03:00  INFO 12055 --- [restartedMain] .s.d.r.c.RepositoryConfigurationDelegate : Finished Spring Data repository scanning in 19 ms. Found 0 JDBC repository interfaces.
2025-08-28T10:21:35.303+03:00  INFO 12055 --- [restartedMain] .s.d.r.c.RepositoryConfigurationDelegate : Multiple Spring Data modules found, entering strict repository configuration mode
2025-08-28T10:21:35.305+03:00  INFO 12055 --- [restartedMain] .s.d.r.c.RepositoryConfigurationDelegate : Bootstrapping Spring Data JPA repositories in DEFAULT mode.
2025-08-28T10:21:35.317+03:00  INFO 12055 --- [restartedMain] .s.d.r.c.RepositoryConfigurationDelegate : Finished Spring Data repository scanning in 3 ms. Found 0 JPA repository interfaces.
2025-08-28T10:21:36.226+03:00  INFO 12055 --- [restartedMain] o.s.b.w.embedded.tomcat.TomcatWebServer  : Tomcat initialized with port 8080 (http)
2025-08-28T10:21:36.249+03:00  INFO 12055 --- [restartedMain] o.apache.catalina.core.StandardService   : Starting service [Tomcat]
2025-08-28T10:21:36.249+03:00  INFO 12055 --- [restartedMain] o.apache.catalina.core.StandardEngine    : Starting Servlet engine: [Apache Tomcat/10.1.43]
2025-08-28T10:21:36.325+03:00  INFO 12055 --- [restartedMain] o.a.c.c.C.[Tomcat].[localhost].[/]       : Initializing Spring embedded WebApplicationContext
2025-08-28T10:21:36.327+03:00  INFO 12055 --- [restartedMain] w.s.c.ServletWebServerApplicationContext : Root WebApplicationContext: initialization completed in 3459 ms
2025-08-28T10:21:37.019+03:00  INFO 12055 --- [restartedMain] o.hibernate.jpa.internal.util.LogHelper  : HHH000204: Processing PersistenceUnitInfo [name: default]
2025-08-28T10:21:37.121+03:00  INFO 12055 --- [restartedMain] org.hibernate.Version                    : HHH000412: Hibernate ORM core version 6.6.22.Final
2025-08-28T10:21:37.185+03:00  INFO 12055 --- [restartedMain] o.h.c.internal.RegionFactoryInitiator    : HHH000026: Second-level cache disabled
2025-08-28T10:21:37.825+03:00  INFO 12055 --- [restartedMain] o.s.o.j.p.SpringPersistenceUnitInfo      : No LoadTimeWeaver setup: ignoring JPA class transformer
2025-08-28T10:21:37.917+03:00  INFO 12055 --- [restartedMain] com.zaxxer.hikari.HikariDataSource       : HikariPool-1 - Starting...
2025-08-28T10:21:38.376+03:00  INFO 12055 --- [restartedMain] com.zaxxer.hikari.pool.HikariPool        : HikariPool-1 - Added connection conn0: url=jdbc:h2:file:./memory_persist/denemedb user=ROOT
2025-08-28T10:21:38.381+03:00  INFO 12055 --- [restartedMain] com.zaxxer.hikari.HikariDataSource       : HikariPool-1 - Start completed.
2025-08-28T10:21:38.429+03:00  WARN 12055 --- [restartedMain] org.hibernate.orm.deprecation            : HHH90000025: H2Dialect does not need to be specified explicitly using 'hibernate.dialect' (remove the property setting and it will be selected by default)
2025-08-28T10:21:38.500+03:00  INFO 12055 --- [restartedMain] org.hibernate.orm.connections.pooling    : HHH10001005: Database info:
	Database JDBC URL [Connecting through datasource 'HikariDataSource (HikariPool-1)']
	Database driver: undefined/unknown
	Database version: 2.3.232
	Autocommit mode: undefined/unknown
	Isolation level: undefined/unknown
	Minimum pool size: undefined/unknown
	Maximum pool size: undefined/unknown
2025-08-28T10:21:39.279+03:00  INFO 12055 --- [restartedMain] o.h.e.t.j.p.i.JtaPlatformInitiator       : HHH000489: No JTA platform available (set 'hibernate.transaction.jta.platform' to enable JTA platform integration)
2025-08-28T10:21:39.288+03:00  INFO 12055 --- [restartedMain] j.LocalContainerEntityManagerFactoryBean : Initialized JPA EntityManagerFactory for persistence unit 'default'
2025-08-28T10:21:39.381+03:00  INFO 12055 --- [restartedMain] com.yasarcarel.dto.BeanDto               : bean başlamadan önce ben varım
2025-08-28T10:21:39.482+03:00  WARN 12055 --- [restartedMain] JpaBaseConfiguration$JpaWebConfiguration : spring.jpa.open-in-view is enabled by default. Therefore, database queries may be performed during view rendering. Explicitly configure spring.jpa.open-in-view to disable this warning
2025-08-28T10:21:40.973+03:00  WARN 12055 --- [restartedMain] ion$DefaultTemplateResolverConfiguration : Cannot find template location: classpath:/templates/ (please add some templates, check your Thymeleaf configuration, or set spring.thymeleaf.check-template-location=false)
2025-08-28T10:21:41.701+03:00  INFO 12055 --- [restartedMain] o.s.b.a.h2.H2ConsoleAutoConfiguration    : H2 console available at '/h2-console'. Database available at 'jdbc:h2:file:./memory_persist/denemedb'
2025-08-28T10:21:41.758+03:00  INFO 12055 --- [restartedMain] o.s.b.d.a.OptionalLiveReloadServer       : LiveReload server is running on port 35729
2025-08-28T10:21:41.773+03:00  INFO 12055 --- [restartedMain] o.s.b.a.e.web.EndpointLinksResolver      : Exposing 1 endpoint beneath base path '/actuator'
2025-08-28T10:21:41.966+03:00  INFO 12055 --- [restartedMain] o.s.b.w.embedded.tomcat.TomcatWebServer  : Tomcat started on port 8080 (http) with context path '/'
2025-08-28T10:21:42.010+03:00  INFO 12055 --- [restartedMain] com.yasarcarel.Application               : Started Application in 10.605 seconds (process running for 12.04)
2025-08-28T10:22:27.823+03:00  INFO 12055 --- [http-nio-8080-exec-4] o.a.c.c.C.[Tomcat].[localhost].[/]       : Initializing Spring DispatcherServlet 'dispatcherServlet'
2025-08-28T10:22:27.824+03:00  INFO 12055 --- [http-nio-8080-exec-4] o.s.web.servlet.DispatcherServlet        : Initializing Servlet 'dispatcherServlet'
2025-08-28T10:22:27.833+03:00  INFO 12055 --- [http-nio-8080-exec-4] o.s.web.servlet.DispatcherServlet        : Completed initialization in 9 ms
2025-08-28T10:25:40.493+03:00  INFO 12055 --- [File Watcher] rtingClassPathChangeChangedEventListener : Restarting due to 1 class path change (1 addition, 0 deletions, 0 modifications)
2025-08-28T10:25:40.516+03:00  INFO 12055 --- [Thread-6] o.s.b.w.e.tomcat.GracefulShutdown        : Commencing graceful shutdown. Waiting for active requests to complete
2025-08-28T10:25:40.529+03:00  INFO 12055 --- [tomcat-shutdown] o.s.b.w.e.tomcat.GracefulShutdown        : Graceful shutdown complete
2025-08-28T10:25:40.541+03:00  INFO 12055 --- [Thread-6] com.yasarcarel.dto.BeanDto               : bean bittikten sonra ben varım
2025-08-28T10:25:40.543+03:00  INFO 12055 --- [Thread-6] j.LocalContainerEntityManagerFactoryBean : Closing JPA EntityManagerFactory for persistence unit 'default'
2025-08-28T10:25:40.559+03:00  INFO 12055 --- [Thread-6] com.zaxxer.hikari.HikariDataSource       : HikariPool-1 - Shutdown initiated...
2025-08-28T10:25:40.578+03:00  INFO 12055 --- [Thread-6] com.zaxxer.hikari.HikariDataSource       : HikariPool-1 - Shutdown completed.
2025-08-28T10:25:40.819+03:00  INFO 12055 --- [restartedMain] com.yasarcarel.Application               : Starting Application using Java 17.0.16 with PID 12055 (/home/yasar/IdeaProjects/springboot/SpringBoot/target/classes started by yasar in /home/yasar/IdeaProjects/springboot/SpringBoot)
2025-08-28T10:25:40.820+03:00  INFO 12055 --- [restartedMain] com.yasarcarel.Application               : No active profile set, falling back to 1 default profile: "default"
2025-08-28T10:25:41.793+03:00  INFO 12055 --- [restartedMain] .s.d.r.c.RepositoryConfigurationDelegate : Multiple Spring Data modules found, entering strict repository configuration mode
2025-08-28T10:25:41.794+03:00  INFO 12055 --- [restartedMain] .s.d.r.c.RepositoryConfigurationDelegate : Bootstrapping Spring Data JDBC repositories in DEFAULT mode.
2025-08-28T10:25:41.801+03:00  INFO 12055 --- [restartedMain] .s.d.r.c.RepositoryConfigurationDelegate : Finished Spring Data repository scanning in 4 ms. Found 0 JDBC repository interfaces.
2025-08-28T10:25:41.813+03:00  INFO 12055 --- [restartedMain] .s.d.r.c.RepositoryConfigurationDelegate : Multiple Spring Data modules found, entering strict repository configuration mode
2025-08-28T10:25:41.814+03:00  INFO 12055 --- [restartedMain] .s.d.r.c.RepositoryConfigurationDelegate : Bootstrapping Spring Data JPA repositories in DEFAULT mode.
2025-08-28T10:25:41.820+03:00  INFO 12055 --- [restartedMain] .s.d.r.c.RepositoryConfigurationDelegate : Finished Spring Data repository scanning in 3 ms. Found 0 JPA repository interfaces.
2025-08-28T10:25:42.119+03:00  INFO 12055 --- [restartedMain] o.s.b.w.embedded.tomcat.TomcatWebServer  : Tomcat initialized with port 8080 (http)
2025-08-28T10:25:42.122+03:00  INFO 12055 --- [restartedMain] o.apache.catalina.core.StandardService   : Starting service [Tomcat]
2025-08-28T10:25:42.123+03:00  INFO 12055 --- [restartedMain] o.apache.catalina.core.StandardEngine    : Starting Servlet engine: [Apache Tomcat/10.1.43]
2025-08-28T10:25:42.178+03:00  INFO 12055 --- [restartedMain] o.a.c.c.C.[Tomcat].[localhost].[/]       : Initializing Spring embedded WebApplicationContext
2025-08-28T10:25:42.178+03:00  INFO 12055 --- [restartedMain] w.s.c.ServletWebServerApplicationContext : Root WebApplicationContext: initialization completed in 1354 ms
2025-08-28T10:25:42.406+03:00  INFO 12055 --- [restartedMain] o.hibernate.jpa.internal.util.LogHelper  : HHH000204: Processing PersistenceUnitInfo [name: default]
2025-08-28T10:25:42.411+03:00  INFO 12055 --- [restartedMain] o.h.c.internal.RegionFactoryInitiator    : HHH000026: Second-level cache disabled
2025-08-28T10:25:42.436+03:00  INFO 12055 --- [restartedMain] o.s.o.j.p.SpringPersistenceUnitInfo      : No LoadTimeWeaver setup: ignoring JPA class transformer
2025-08-28T10:25:42.438+03:00  INFO 12055 --- [restartedMain] com.zaxxer.hikari.HikariDataSource       : HikariPool-2 - Starting...
2025-08-28T10:25:42.447+03:00  INFO 12055 --- [restartedMain] com.zaxxer.hikari.pool.HikariPool        : HikariPool-2 - Added connection conn10: url=jdbc:h2:file:./memory_persist/denemedb user=ROOT
2025-08-28T10:25:42.449+03:00  INFO 12055 --- [restartedMain] com.zaxxer.hikari.HikariDataSource       : HikariPool-2 - Start completed.
2025-08-28T10:25:42.457+03:00  WARN 12055 --- [restartedMain] org.hibernate.orm.deprecation            : HHH90000025: H2Dialect does not need to be specified explicitly using 'hibernate.dialect' (remove the property setting and it will be selected by default)
2025-08-28T10:25:42.461+03:00  INFO 12055 --- [restartedMain] org.hibernate.orm.connections.pooling    : HHH10001005: Database info:
	Database JDBC URL [Connecting through datasource 'HikariDataSource (HikariPool-2)']
	Database driver: undefined/unknown
	Database version: 2.3.232
	Autocommit mode: undefined/unknown
	Isolation level: undefined/unknown
	Minimum pool size: undefined/unknown
	Maximum pool size: undefined/unknown
2025-08-28T10:25:42.521+03:00  INFO 12055 --- [restartedMain] o.h.e.t.j.p.i.JtaPlatformInitiator       : HHH000489: No JTA platform available (set 'hibernate.transaction.jta.platform' to enable JTA platform integration)
2025-08-28T10:25:42.522+03:00  INFO 12055 --- [restartedMain] j.LocalContainerEntityManagerFactoryBean : Initialized JPA EntityManagerFactory for persistence unit 'default'
2025-08-28T10:25:42.537+03:00  INFO 12055 --- [restartedMain] com.yasarcarel.dto.BeanDto               : bean başlamadan önce ben varım
2025-08-28T10:25:42.574+03:00  WARN 12055 --- [restartedMain] JpaBaseConfiguration$JpaWebConfiguration : spring.jpa.open-in-view is enabled by default. Therefore, database queries may be performed during view rendering. Explicitly configure spring.jpa.open-in-view to disable this warning
2025-08-28T10:25:43.053+03:00  WARN 12055 --- [restartedMain] ion$DefaultTemplateResolverConfiguration : Cannot find template location: classpath:/templates/ (please add some templates, check your Thymeleaf configuration, or set spring.thymeleaf.check-template-location=false)
2025-08-28T10:25:43.247+03:00  INFO 12055 --- [restartedMain] o.s.b.a.h2.H2ConsoleAutoConfiguration    : H2 console available at '/h2-console'. Database available at 'jdbc:h2:file:./memory_persist/denemedb'
2025-08-28T10:25:43.258+03:00  INFO 12055 --- [restartedMain] o.s.b.d.a.OptionalLiveReloadServer       : LiveReload server is running on port 35729
2025-08-28T10:25:43.267+03:00  INFO 12055 --- [restartedMain] o.s.b.a.e.web.EndpointLinksResolver      : Exposing 1 endpoint beneath base path '/actuator'
2025-08-28T10:25:43.346+03:00  INFO 12055 --- [restartedMain] o.s.b.w.embedded.tomcat.TomcatWebServer  : Tomcat started on port 8080 (http) with context path '/'
2025-08-28T10:25:43.364+03:00  INFO 12055 --- [restartedMain] com.yasarcarel.Application               : Started Application in 2.6 seconds (process running for 253.394)
2025-08-28T10:25:43.369+03:00  INFO 12055 --- [restartedMain] .ConditionEvaluationDeltaLoggingListener : Condition evaluation unchanged
2025-08-28T10:25:53.682+03:00  INFO 12055 --- [File Watcher] rtingClassPathChangeChangedEventListener : Restarting due to 1 class path change (0 additions, 0 deletions, 1 modification)
2025-08-28T10:25:53.688+03:00  INFO 12055 --- [Thread-8] o.s.b.w.e.tomcat.GracefulShutdown        : Commencing graceful shutdown. Waiting for active requests to complete
2025-08-28T10:25:53.697+03:00  INFO 12055 --- [tomcat-shutdown] o.s.b.w.e.tomcat.GracefulShutdown        : Graceful shutdown complete
2025-08-28T10:25:53.709+03:00  INFO 12055 --- [Thread-8] com.yasarcarel.dto.BeanDto               : bean bittikten sonra ben varım
2025-08-28T10:25:53.710+03:00  INFO 12055 --- [Thread-8] j.LocalContainerEntityManagerFactoryBean : Closing JPA EntityManagerFactory for persistence unit 'default'
2025-08-28T10:25:53.716+03:00  INFO 12055 --- [Thread-8] com.zaxxer.hikari.HikariDataSource       : HikariPool-2 - Shutdown initiated...
2025-08-28T10:25:53.786+03:00  INFO 12055 --- [Thread-8] com.zaxxer.hikari.HikariDataSource       : HikariPool-2 - Shutdown completed.
2025-08-28T10:25:54.173+03:00  INFO 12055 --- [restartedMain] com.yasarcarel.Application               : Starting Application using Java 17.0.16 with PID 12055 (/home/yasar/IdeaProjects/springboot/SpringBoot/target/classes started by yasar in /home/yasar/IdeaProjects/springboot/SpringBoot)
2025-08-28T10:25:54.174+03:00  INFO 12055 --- [restartedMain] com.yasarcarel.Application               : No active profile set, falling back to 1 default profile: "default"
2025-08-28T10:25:56.290+03:00  INFO 12055 --- [restartedMain] .s.d.r.c.RepositoryConfigurationDelegate : Multiple Spring Data modules found, entering strict repository configuration mode
2025-08-28T10:25:56.294+03:00  INFO 12055 --- [restartedMain] .s.d.r.c.RepositoryConfigurationDelegate : Bootstrapping Spring Data JDBC repositories in DEFAULT mode.
2025-08-28T10:25:56.308+03:00  INFO 12055 --- [restartedMain] .s.d.r.c.RepositoryConfigurationDelegate : Finished Spring Data repository scanning in 4 ms. Found 0 JDBC repository interfaces.
2025-08-28T10:25:56.325+03:00  INFO 12055 --- [restartedMain] .s.d.r.c.RepositoryConfigurationDelegate : Multiple Spring Data modules found, entering strict repository configuration mode
2025-08-28T10:25:56.325+03:00  INFO 12055 --- [restartedMain] .s.d.r.c.RepositoryConfigurationDelegate : Bootstrapping Spring Data JPA repositories in DEFAULT mode.
2025-08-28T10:25:56.334+03:00  INFO 12055 --- [restartedMain] .s.d.r.c.RepositoryConfigurationDelegate : Finished Spring Data repository scanning in 6 ms. Found 0 JPA repository interfaces.
2025-08-28T10:25:56.768+03:00  INFO 12055 --- [restartedMain] o.s.b.w.embedded.tomcat.TomcatWebServer  : Tomcat initialized with port 8080 (http)
2025-08-28T10:25:56.769+03:00  INFO 12055 --- [restartedMain] o.apache.catalina.core.StandardService   : Starting service [Tomcat]
2025-08-28T10:25:56.770+03:00  INFO 12055 --- [restartedMain] o.apache.catalina.core.StandardEngine    : Starting Servlet engine: [Apache Tomcat/10.1.43]
2025-08-28T10:25:56.804+03:00  INFO 12055 --- [restartedMain] o.a.c.c.C.[Tomcat].[localhost].[/]       : Initializing Spring embedded WebApplicationContext
2025-08-28T10:25:56.804+03:00  INFO 12055 --- [restartedMain] w.s.c.ServletWebServerApplicationContext : Root WebApplicationContext: initialization completed in 2618 ms
2025-08-28T10:25:57.352+03:00  INFO 12055 --- [restartedMain] o.hibernate.jpa.internal.util.LogHelper  : HHH000204: Processing PersistenceUnitInfo [name: default]
2025-08-28T10:25:57.378+03:00  INFO 12055 --- [restartedMain] o.h.c.internal.RegionFactoryInitiator    : HHH000026: Second-level cache disabled
2025-08-28T10:25:57.432+03:00  INFO 12055 --- [restartedMain] o.s.o.j.p.SpringPersistenceUnitInfo      : No LoadTimeWeaver setup: ignoring JPA class transformer
2025-08-28T10:25:57.434+03:00  INFO 12055 --- [restartedMain] com.zaxxer.hikari.HikariDataSource       : HikariPool-3 - Starting...
2025-08-28T10:25:57.443+03:00  INFO 12055 --- [restartedMain] com.zaxxer.hikari.pool.HikariPool        : HikariPool-3 - Added connection conn20: url=jdbc:h2:file:./memory_persist/denemedb user=ROOT
2025-08-28T10:25:57.444+03:00  INFO 12055 --- [restartedMain] com.zaxxer.hikari.HikariDataSource       : HikariPool-3 - Start completed.
2025-08-28T10:25:57.445+03:00  WARN 12055 --- [restartedMain] org.hibernate.orm.deprecation            : HHH90000025: H2Dialect does not need to be specified explicitly using 'hibernate.dialect' (remove the property setting and it will be selected by default)
2025-08-28T10:25:57.447+03:00  INFO 12055 --- [restartedMain] org.hibernate.orm.connections.pooling    : HHH10001005: Database info:
	Database JDBC URL [Connecting through datasource 'HikariDataSource (HikariPool-3)']
	Database driver: undefined/unknown
	Database version: 2.3.232
	Autocommit mode: undefined/unknown
	Isolation level: undefined/unknown
	Minimum pool size: undefined/unknown
	Maximum pool size: undefined/unknown
2025-08-28T10:25:57.487+03:00  INFO 12055 --- [restartedMain] o.h.e.t.j.p.i.JtaPlatformInitiator       : HHH000489: No JTA platform available (set 'hibernate.transaction.jta.platform' to enable JTA platform integration)
2025-08-28T10:25:57.487+03:00  INFO 12055 --- [restartedMain] j.LocalContainerEntityManagerFactoryBean : Initialized JPA EntityManagerFactory for persistence unit 'default'
2025-08-28T10:25:57.513+03:00  INFO 12055 --- [restartedMain] com.yasarcarel.dto.BeanDto               : bean başlamadan önce ben varım
2025-08-28T10:25:57.650+03:00  WARN 12055 --- [restartedMain] JpaBaseConfiguration$JpaWebConfiguration : spring.jpa.open-in-view is enabled by default. Therefore, database queries may be performed during view rendering. Explicitly configure spring.jpa.open-in-view to disable this warning
2025-08-28T10:25:58.658+03:00  WARN 12055 --- [restartedMain] ion$DefaultTemplateResolverConfiguration : Cannot find template location: classpath:/templates/ (please add some templates, check your Thymeleaf configuration, or set spring.thymeleaf.check-template-location=false)
2025-08-28T10:25:59.368+03:00  INFO 12055 --- [restartedMain] o.s.b.a.h2.H2ConsoleAutoConfiguration    : H2 console available at '/h2-console'. Database available at 'jdbc:h2:file:./memory_persist/denemedb'
2025-08-28T10:25:59.404+03:00  INFO 12055 --- [restartedMain] o.s.b.d.a.OptionalLiveReloadServer       : LiveReload server is running on port 35729
2025-08-28T10:25:59.432+03:00  INFO 12055 --- [restartedMain] o.s.b.a.e.web.EndpointLinksResolver      : Exposing 1 endpoint beneath base path '/actuator'
2025-08-28T10:25:59.624+03:00  INFO 12055 --- [restartedMain] o.s.b.w.embedded.tomcat.TomcatWebServer  : Tomcat started on port 8080 (http) with context path '/'
2025-08-28T10:25:59.761+03:00  INFO 12055 --- [restartedMain] com.yasarcarel.Application               : Started Application in 5.734 seconds (process running for 269.792)
2025-08-28T10:25:59.796+03:00  INFO 12055 --- [restartedMain] .ConditionEvaluationDeltaLoggingListener : Condition evaluation unchanged
2025-08-28T10:44:16.294+03:00  INFO 12055 --- [File Watcher] rtingClassPathChangeChangedEventListener : Restarting due to 1 class path change (0 additions, 0 deletions, 1 modification)
2025-08-28T10:44:16.299+03:00  INFO 12055 --- [Thread-12] o.s.b.w.e.tomcat.GracefulShutdown        : Commencing graceful shutdown. Waiting for active requests to complete
2025-08-28T10:44:16.304+03:00  INFO 12055 --- [tomcat-shutdown] o.s.b.w.e.tomcat.GracefulShutdown        : Graceful shutdown complete
2025-08-28T10:44:16.311+03:00  INFO 12055 --- [Thread-12] com.yasarcarel.dto.BeanDto               : bean bittikten sonra ben varım
2025-08-28T10:44:16.313+03:00  INFO 12055 --- [Thread-12] j.LocalContainerEntityManagerFactoryBean : Closing JPA EntityManagerFactory for persistence unit 'default'
2025-08-28T10:44:16.318+03:00  INFO 12055 --- [Thread-12] com.zaxxer.hikari.HikariDataSource       : HikariPool-3 - Shutdown initiated...
2025-08-28T10:44:16.359+03:00  INFO 12055 --- [Thread-12] com.zaxxer.hikari.HikariDataSource       : HikariPool-3 - Shutdown completed.
2025-08-28T10:44:16.576+03:00  INFO 12055 --- [restartedMain] com.yasarcarel.Application               : Starting Application using Java 17.0.16 with PID 12055 (/home/yasar/IdeaProjects/springboot/SpringBoot/target/classes started by yasar in /home/yasar/IdeaProjects/springboot/SpringBoot)
2025-08-28T10:44:16.579+03:00  INFO 12055 --- [restartedMain] com.yasarcarel.Application               : No active profile set, falling back to 1 default profile: "default"
2025-08-28T10:44:17.369+03:00  INFO 12055 --- [restartedMain] .s.d.r.c.RepositoryConfigurationDelegate : Multiple Spring Data modules found, entering strict repository configuration mode
2025-08-28T10:44:17.370+03:00  INFO 12055 --- [restartedMain] .s.d.r.c.RepositoryConfigurationDelegate : Bootstrapping Spring Data JDBC repositories in DEFAULT mode.
2025-08-28T10:44:17.381+03:00  INFO 12055 --- [restartedMain] .s.d.r.c.RepositoryConfigurationDelegate : Finished Spring Data repository scanning in 5 ms. Found 0 JDBC repository interfaces.
2025-08-28T10:44:17.388+03:00  INFO 12055 --- [restartedMain] .s.d.r.c.RepositoryConfigurationDelegate : Multiple Spring Data modules found, entering strict repository configuration mode
2025-08-28T10:44:17.390+03:00  INFO 12055 --- [restartedMain] .s.d.r.c.RepositoryConfigurationDelegate : Bootstrapping Spring Data JPA repositories in DEFAULT mode.
2025-08-28T10:44:17.394+03:00  INFO 12055 --- [restartedMain] .s.d.r.c.RepositoryConfigurationDelegate : Finished Spring Data repository scanning in 2 ms. Found 0 JPA repository interfaces.
2025-08-28T10:44:17.735+03:00  INFO 12055 --- [restartedMain] o.s.b.w.embedded.tomcat.TomcatWebServer  : Tomcat initialized with port 8080 (http)
2025-08-28T10:44:17.739+03:00  INFO 12055 --- [restartedMain] o.apache.catalina.core.StandardService   : Starting service [Tomcat]
2025-08-28T10:44:17.739+03:00  INFO 12055 --- [restartedMain] o.apache.catalina.core.StandardEngine    : Starting Servlet engine: [Apache Tomcat/10.1.43]
2025-08-28T10:44:17.767+03:00  INFO 12055 --- [restartedMain] o.a.c.c.C.[Tomcat].[localhost].[/]       : Initializing Spring embedded WebApplicationContext
2025-08-28T10:44:17.769+03:00  INFO 12055 --- [restartedMain] w.s.c.ServletWebServerApplicationContext : Root WebApplicationContext: initialization completed in 1187 ms
2025-08-28T10:44:17.929+03:00  INFO 12055 --- [restartedMain] o.hibernate.jpa.internal.util.LogHelper  : HHH000204: Processing PersistenceUnitInfo [name: default]
2025-08-28T10:44:17.940+03:00  INFO 12055 --- [restartedMain] o.h.c.internal.RegionFactoryInitiator    : HHH000026: Second-level cache disabled
2025-08-28T10:44:17.966+03:00  INFO 12055 --- [restartedMain] o.s.o.j.p.SpringPersistenceUnitInfo      : No LoadTimeWeaver setup: ignoring JPA class transformer
2025-08-28T10:44:17.974+03:00  INFO 12055 --- [restartedMain] com.zaxxer.hikari.HikariDataSource       : HikariPool-4 - Starting...
2025-08-28T10:44:17.991+03:00  INFO 12055 --- [restartedMain] com.zaxxer.hikari.pool.HikariPool        : HikariPool-4 - Added connection conn30: url=jdbc:h2:file:./memory_persist/denemedb user=ROOT
2025-08-28T10:44:17.993+03:00  INFO 12055 --- [restartedMain] com.zaxxer.hikari.HikariDataSource       : HikariPool-4 - Start completed.
2025-08-28T10:44:17.995+03:00  WARN 12055 --- [restartedMain] org.hibernate.orm.deprecation            : HHH90000025: H2Dialect does not need to be specified explicitly using 'hibernate.dialect' (remove the property setting and it will be selected by default)
2025-08-28T10:44:17.996+03:00  INFO 12055 --- [restartedMain] org.hibernate.orm.connections.pooling    : HHH10001005: Database info:
	Database JDBC URL [Connecting through datasource 'HikariDataSource (HikariPool-4)']
	Database driver: undefined/unknown
	Database version: 2.3.232
	Autocommit mode: undefined/unknown
	Isolation level: undefined/unknown
	Minimum pool size: undefined/unknown
	Maximum pool size: undefined/unknown
2025-08-28T10:44:18.059+03:00  INFO 12055 --- [restartedMain] o.h.e.t.j.p.i.JtaPlatformInitiator       : HHH000489: No JTA platform available (set 'hibernate.transaction.jta.platform' to enable JTA platform integration)
2025-08-28T10:44:18.062+03:00  INFO 12055 --- [restartedMain] j.LocalContainerEntityManagerFactoryBean : Initialized JPA EntityManagerFactory for persistence unit 'default'
2025-08-28T10:44:18.075+03:00  INFO 12055 --- [restartedMain] com.yasarcarel.dto.BeanDto               : bean başlamadan önce ben varım
2025-08-28T10:44:18.124+03:00  WARN 12055 --- [restartedMain] JpaBaseConfiguration$JpaWebConfiguration : spring.jpa.open-in-view is enabled by default. Therefore, database queries may be performed during view rendering. Explicitly configure spring.jpa.open-in-view to disable this warning
2025-08-28T10:44:19.012+03:00  WARN 12055 --- [restartedMain] ion$DefaultTemplateResolverConfiguration : Cannot find template location: classpath:/templates/ (please add some templates, check your Thymeleaf configuration, or set spring.thymeleaf.check-template-location=false)
2025-08-28T10:44:19.268+03:00  INFO 12055 --- [restartedMain] o.s.b.a.h2.H2ConsoleAutoConfiguration    : H2 console available at '/h2-console'. Database available at 'jdbc:h2:file:./memory_persist/denemedb'
2025-08-28T10:44:19.287+03:00  INFO 12055 --- [restartedMain] o.s.b.d.a.OptionalLiveReloadServer       : LiveReload server is running on port 35729
2025-08-28T10:44:19.298+03:00  INFO 12055 --- [restartedMain] o.s.b.a.e.web.EndpointLinksResolver      : Exposing 1 endpoint beneath base path '/actuator'
2025-08-28T10:44:19.381+03:00  INFO 12055 --- [restartedMain] o.s.b.w.embedded.tomcat.TomcatWebServer  : Tomcat started on port 8080 (http) with context path '/'
2025-08-28T10:44:19.422+03:00  INFO 12055 --- [restartedMain] com.yasarcarel.Application               : Started Application in 2.919 seconds (process running for 1369.453)
2025-08-28T10:44:19.429+03:00  INFO 12055 --- [restartedMain] .ConditionEvaluationDeltaLoggingListener : Condition evaluation unchanged
2025-08-28T10:44:36.382+03:00  INFO 12055 --- [http-nio-8080-exec-1] o.a.c.c.C.[Tomcat].[localhost].[/]       : Initializing Spring DispatcherServlet 'dispatcherServlet'
2025-08-28T10:44:36.383+03:00  INFO 12055 --- [http-nio-8080-exec-1] o.s.web.servlet.DispatcherServlet        : Initializing Servlet 'dispatcherServlet'
2025-08-28T10:44:36.386+03:00  INFO 12055 --- [http-nio-8080-exec-1] o.s.web.servlet.DispatcherServlet        : Completed initialization in 2 ms
2025-08-28T10:44:52.106+03:00  INFO 12055 --- [SpringApplicationShutdownHook] o.s.b.w.e.tomcat.GracefulShutdown        : Commencing graceful shutdown. Waiting for active requests to complete
2025-08-28T10:44:52.116+03:00  INFO 12055 --- [tomcat-shutdown] o.s.b.w.e.tomcat.GracefulShutdown        : Graceful shutdown complete
2025-08-28T10:44:52.124+03:00  INFO 12055 --- [SpringApplicationShutdownHook] com.yasarcarel.dto.BeanDto               : bean bittikten sonra ben varım
2025-08-28T10:44:52.125+03:00  INFO 12055 --- [SpringApplicationShutdownHook] j.LocalContainerEntityManagerFactoryBean : Closing JPA EntityManagerFactory for persistence unit 'default'
2025-08-28T10:44:52.127+03:00  INFO 12055 --- [SpringApplicationShutdownHook] com.zaxxer.hikari.HikariDataSource       : HikariPool-4 - Shutdown initiated...
2025-08-28T10:44:52.131+03:00  INFO 12055 --- [SpringApplicationShutdownHook] com.zaxxer.hikari.HikariDataSource       : HikariPool-4 - Shutdown completed.
2025-08-28T11:31:20.142+03:00  INFO 17270 --- [restartedMain] com.yasarcarel.Application               : Starting Application using Java 17.0.16 with PID 17270 (/home/yasar/IdeaProjects/springboot/SpringBoot/target/classes started by yasar in /home/yasar/IdeaProjects/springboot/SpringBoot)
2025-08-28T11:31:20.150+03:00  INFO 17270 --- [restartedMain] com.yasarcarel.Application               : No active profile set, falling back to 1 default profile: "default"
2025-08-28T11:31:20.270+03:00  INFO 17270 --- [restartedMain] .e.DevToolsPropertyDefaultsPostProcessor : Devtools property defaults active! Set 'spring.devtools.add-properties' to 'false' to disable
2025-08-28T11:31:20.271+03:00  INFO 17270 --- [restartedMain] .e.DevToolsPropertyDefaultsPostProcessor : For additional web related logging consider setting the 'logging.level.web' property to 'DEBUG'
2025-08-28T11:31:22.194+03:00  INFO 17270 --- [restartedMain] .s.d.r.c.RepositoryConfigurationDelegate : Multiple Spring Data modules found, entering strict repository configuration mode
2025-08-28T11:31:22.196+03:00  INFO 17270 --- [restartedMain] .s.d.r.c.RepositoryConfigurationDelegate : Bootstrapping Spring Data JDBC repositories in DEFAULT mode.
2025-08-28T11:31:22.219+03:00  INFO 17270 --- [restartedMain] .s.d.r.c.RepositoryConfigurationDelegate : Finished Spring Data repository scanning in 13 ms. Found 0 JDBC repository interfaces.
2025-08-28T11:31:22.231+03:00  INFO 17270 --- [restartedMain] .s.d.r.c.RepositoryConfigurationDelegate : Multiple Spring Data modules found, entering strict repository configuration mode
2025-08-28T11:31:22.233+03:00  INFO 17270 --- [restartedMain] .s.d.r.c.RepositoryConfigurationDelegate : Bootstrapping Spring Data JPA repositories in DEFAULT mode.
2025-08-28T11:31:22.244+03:00  INFO 17270 --- [restartedMain] .s.d.r.c.RepositoryConfigurationDelegate : Finished Spring Data repository scanning in 3 ms. Found 0 JPA repository interfaces.
2025-08-28T11:31:22.904+03:00  INFO 17270 --- [restartedMain] o.s.b.w.embedded.tomcat.TomcatWebServer  : Tomcat initialized with port 8080 (http)
2025-08-28T11:31:22.917+03:00  INFO 17270 --- [restartedMain] o.apache.catalina.core.StandardService   : Starting service [Tomcat]
2025-08-28T11:31:22.918+03:00  INFO 17270 --- [restartedMain] o.apache.catalina.core.StandardEngine    : Starting Servlet engine: [Apache Tomcat/10.1.43]
2025-08-28T11:31:22.964+03:00  INFO 17270 --- [restartedMain] o.a.c.c.C.[Tomcat].[localhost].[/]       : Initializing Spring embedded WebApplicationContext
2025-08-28T11:31:22.965+03:00  INFO 17270 --- [restartedMain] w.s.c.ServletWebServerApplicationContext : Root WebApplicationContext: initialization completed in 2693 ms
2025-08-28T11:31:23.365+03:00  INFO 17270 --- [restartedMain] o.hibernate.jpa.internal.util.LogHelper  : HHH000204: Processing PersistenceUnitInfo [name: default]
2025-08-28T11:31:23.420+03:00  INFO 17270 --- [restartedMain] org.hibernate.Version                    : HHH000412: Hibernate ORM core version 6.6.22.Final
2025-08-28T11:31:23.458+03:00  INFO 17270 --- [restartedMain] o.h.c.internal.RegionFactoryInitiator    : HHH000026: Second-level cache disabled
2025-08-28T11:31:23.769+03:00  INFO 17270 --- [restartedMain] o.s.o.j.p.SpringPersistenceUnitInfo      : No LoadTimeWeaver setup: ignoring JPA class transformer
2025-08-28T11:31:23.816+03:00  INFO 17270 --- [restartedMain] com.zaxxer.hikari.HikariDataSource       : HikariPool-1 - Starting...
2025-08-28T11:31:24.051+03:00  INFO 17270 --- [restartedMain] com.zaxxer.hikari.pool.HikariPool        : HikariPool-1 - Added connection conn0: url=jdbc:h2:file:./memory_persist/denemedb user=ROOT
2025-08-28T11:31:24.053+03:00  INFO 17270 --- [restartedMain] com.zaxxer.hikari.HikariDataSource       : HikariPool-1 - Start completed.
2025-08-28T11:31:24.081+03:00  WARN 17270 --- [restartedMain] org.hibernate.orm.deprecation            : HHH90000025: H2Dialect does not need to be specified explicitly using 'hibernate.dialect' (remove the property setting and it will be selected by default)
2025-08-28T11:31:24.110+03:00  INFO 17270 --- [restartedMain] org.hibernate.orm.connections.pooling    : HHH10001005: Database info:
	Database JDBC URL [Connecting through datasource 'HikariDataSource (HikariPool-1)']
	Database driver: undefined/unknown
	Database version: 2.3.232
	Autocommit mode: undefined/unknown
	Isolation level: undefined/unknown
	Minimum pool size: undefined/unknown
	Maximum pool size: undefined/unknown
2025-08-28T11:31:24.545+03:00  INFO 17270 --- [restartedMain] o.h.e.t.j.p.i.JtaPlatformInitiator       : HHH000489: No JTA platform available (set 'hibernate.transaction.jta.platform' to enable JTA platform integration)
2025-08-28T11:31:24.551+03:00  INFO 17270 --- [restartedMain] j.LocalContainerEntityManagerFactoryBean : Initialized JPA EntityManagerFactory for persistence unit 'default'
2025-08-28T11:31:24.604+03:00  INFO 17270 --- [restartedMain] com.yasarcarel.dto.BeanDto               : bean başlamadan önce ben varım
2025-08-28T11:31:24.664+03:00  WARN 17270 --- [restartedMain] JpaBaseConfiguration$JpaWebConfiguration : spring.jpa.open-in-view is enabled by default. Therefore, database queries may be performed during view rendering. Explicitly configure spring.jpa.open-in-view to disable this warning
2025-08-28T11:31:25.381+03:00  WARN 17270 --- [restartedMain] ion$DefaultTemplateResolverConfiguration : Cannot find template location: classpath:/templates/ (please add some templates, check your Thymeleaf configuration, or set spring.thymeleaf.check-template-location=false)
2025-08-28T11:31:25.961+03:00  INFO 17270 --- [restartedMain] o.s.b.a.h2.H2ConsoleAutoConfiguration    : H2 console available at '/h2-console'. Database available at 'jdbc:h2:file:./memory_persist/denemedb'
2025-08-28T11:31:25.984+03:00  INFO 17270 --- [restartedMain] o.s.b.d.a.OptionalLiveReloadServer       : LiveReload server is running on port 35729
2025-08-28T11:31:25.992+03:00  INFO 17270 --- [restartedMain] o.s.b.a.e.web.EndpointLinksResolver      : Exposing 1 endpoint beneath base path '/actuator'
2025-08-28T11:31:26.085+03:00  INFO 17270 --- [restartedMain] o.s.b.w.embedded.tomcat.TomcatWebServer  : Tomcat started on port 8080 (http) with context path '/'
2025-08-28T11:31:26.112+03:00  INFO 17270 --- [restartedMain] com.yasarcarel.Application               : Started Application in 6.897 seconds (process running for 8.079)
2025-08-28T11:31:26.613+03:00  INFO 17270 --- [RMI TCP Connection(1)-127.0.0.1] o.a.c.c.C.[Tomcat].[localhost].[/]       : Initializing Spring DispatcherServlet 'dispatcherServlet'
2025-08-28T11:31:26.613+03:00  INFO 17270 --- [RMI TCP Connection(1)-127.0.0.1] o.s.web.servlet.DispatcherServlet        : Initializing Servlet 'dispatcherServlet'
2025-08-28T11:31:26.618+03:00  INFO 17270 --- [RMI TCP Connection(1)-127.0.0.1] o.s.web.servlet.DispatcherServlet        : Completed initialization in 3 ms
2025-08-28T11:34:39.528+03:00  INFO 17270 --- [File Watcher] rtingClassPathChangeChangedEventListener : Restarting due to 3 class path changes (0 additions, 3 deletions, 0 modifications)
2025-08-28T11:34:39.534+03:00  INFO 17270 --- [Thread-6] o.s.b.w.e.tomcat.GracefulShutdown        : Commencing graceful shutdown. Waiting for active requests to complete
2025-08-28T11:34:39.537+03:00  INFO 17270 --- [tomcat-shutdown] o.s.b.w.e.tomcat.GracefulShutdown        : Graceful shutdown complete
2025-08-28T11:34:39.544+03:00  INFO 17270 --- [Thread-6] com.yasarcarel.dto.BeanDto               : bean bittikten sonra ben varım
2025-08-28T11:34:39.546+03:00  INFO 17270 --- [Thread-6] j.LocalContainerEntityManagerFactoryBean : Closing JPA EntityManagerFactory for persistence unit 'default'
2025-08-28T11:34:39.550+03:00  INFO 17270 --- [Thread-6] com.zaxxer.hikari.HikariDataSource       : HikariPool-1 - Shutdown initiated...
2025-08-28T11:34:39.594+03:00  INFO 17270 --- [Thread-6] com.zaxxer.hikari.HikariDataSource       : HikariPool-1 - Shutdown completed.
2025-08-28T11:34:39.834+03:00  INFO 17270 --- [restartedMain] com.yasarcarel.Application               : Starting Application using Java 17.0.16 with PID 17270 (/home/yasar/IdeaProjects/springboot/SpringBoot/target/classes started by yasar in /home/yasar/IdeaProjects/springboot/SpringBoot)
2025-08-28T11:34:39.834+03:00  INFO 17270 --- [restartedMain] com.yasarcarel.Application               : No active profile set, falling back to 1 default profile: "default"
2025-08-28T11:34:40.637+03:00  INFO 17270 --- [restartedMain] .s.d.r.c.RepositoryConfigurationDelegate : Multiple Spring Data modules found, entering strict repository configuration mode
2025-08-28T11:34:40.638+03:00  INFO 17270 --- [restartedMain] .s.d.r.c.RepositoryConfigurationDelegate : Bootstrapping Spring Data JDBC repositories in DEFAULT mode.
2025-08-28T11:34:40.644+03:00  INFO 17270 --- [restartedMain] .s.d.r.c.RepositoryConfigurationDelegate : Finished Spring Data repository scanning in 4 ms. Found 0 JDBC repository interfaces.
2025-08-28T11:34:40.663+03:00  INFO 17270 --- [restartedMain] .s.d.r.c.RepositoryConfigurationDelegate : Multiple Spring Data modules found, entering strict repository configuration mode
2025-08-28T11:34:40.663+03:00  INFO 17270 --- [restartedMain] .s.d.r.c.RepositoryConfigurationDelegate : Bootstrapping Spring Data JPA repositories in DEFAULT mode.
2025-08-28T11:34:40.668+03:00  INFO 17270 --- [restartedMain] .s.d.r.c.RepositoryConfigurationDelegate : Finished Spring Data repository scanning in 2 ms. Found 0 JPA repository interfaces.
2025-08-28T11:34:40.988+03:00  INFO 17270 --- [restartedMain] o.s.b.w.embedded.tomcat.TomcatWebServer  : Tomcat initialized with port 8080 (http)
2025-08-28T11:34:40.990+03:00  INFO 17270 --- [restartedMain] o.apache.catalina.core.StandardService   : Starting service [Tomcat]
2025-08-28T11:34:40.990+03:00  INFO 17270 --- [restartedMain] o.apache.catalina.core.StandardEngine    : Starting Servlet engine: [Apache Tomcat/10.1.43]
2025-08-28T11:34:41.006+03:00  INFO 17270 --- [restartedMain] o.a.c.c.C.[Tomcat].[localhost].[/]       : Initializing Spring embedded WebApplicationContext
2025-08-28T11:34:41.006+03:00  INFO 17270 --- [restartedMain] w.s.c.ServletWebServerApplicationContext : Root WebApplicationContext: initialization completed in 1166 ms
2025-08-28T11:34:41.173+03:00  INFO 17270 --- [restartedMain] o.hibernate.jpa.internal.util.LogHelper  : HHH000204: Processing PersistenceUnitInfo [name: default]
2025-08-28T11:34:41.181+03:00  INFO 17270 --- [restartedMain] o.h.c.internal.RegionFactoryInitiator    : HHH000026: Second-level cache disabled
2025-08-28T11:34:41.206+03:00  INFO 17270 --- [restartedMain] o.s.o.j.p.SpringPersistenceUnitInfo      : No LoadTimeWeaver setup: ignoring JPA class transformer
2025-08-28T11:34:41.212+03:00  INFO 17270 --- [restartedMain] com.zaxxer.hikari.HikariDataSource       : HikariPool-2 - Starting...
2025-08-28T11:34:41.224+03:00  INFO 17270 --- [restartedMain] com.zaxxer.hikari.pool.HikariPool        : HikariPool-2 - Added connection conn10: url=jdbc:h2:file:./memory_persist/denemedb user=ROOT
2025-08-28T11:34:41.226+03:00  INFO 17270 --- [restartedMain] com.zaxxer.hikari.HikariDataSource       : HikariPool-2 - Start completed.
2025-08-28T11:34:41.228+03:00  WARN 17270 --- [restartedMain] org.hibernate.orm.deprecation            : HHH90000025: H2Dialect does not need to be specified explicitly using 'hibernate.dialect' (remove the property setting and it will be selected by default)
2025-08-28T11:34:41.232+03:00  INFO 17270 --- [restartedMain] org.hibernate.orm.connections.pooling    : HHH10001005: Database info:
	Database JDBC URL [Connecting through datasource 'HikariDataSource (HikariPool-2)']
	Database driver: undefined/unknown
	Database version: 2.3.232
	Autocommit mode: undefined/unknown
	Isolation level: undefined/unknown
	Minimum pool size: undefined/unknown
	Maximum pool size: undefined/unknown
2025-08-28T11:34:41.281+03:00  INFO 17270 --- [restartedMain] o.h.e.t.j.p.i.JtaPlatformInitiator       : HHH000489: No JTA platform available (set 'hibernate.transaction.jta.platform' to enable JTA platform integration)
2025-08-28T11:34:41.282+03:00  INFO 17270 --- [restartedMain] j.LocalContainerEntityManagerFactoryBean : Initialized JPA EntityManagerFactory for persistence unit 'default'
2025-08-28T11:34:41.302+03:00  INFO 17270 --- [restartedMain] com.yasarcarel.dto.BeanDto               : bean başlamadan önce ben varım
2025-08-28T11:34:41.348+03:00  WARN 17270 --- [restartedMain] JpaBaseConfiguration$JpaWebConfiguration : spring.jpa.open-in-view is enabled by default. Therefore, database queries may be performed during view rendering. Explicitly configure spring.jpa.open-in-view to disable this warning
2025-08-28T11:34:41.689+03:00  WARN 17270 --- [restartedMain] ion$DefaultTemplateResolverConfiguration : Cannot find template location: classpath:/templates/ (please add some templates, check your Thymeleaf configuration, or set spring.thymeleaf.check-template-location=false)
2025-08-28T11:34:42.014+03:00  INFO 17270 --- [restartedMain] o.s.b.a.h2.H2ConsoleAutoConfiguration    : H2 console available at '/h2-console'. Database available at 'jdbc:h2:file:./memory_persist/denemedb'
2025-08-28T11:34:42.023+03:00  INFO 17270 --- [restartedMain] o.s.b.d.a.OptionalLiveReloadServer       : LiveReload server is running on port 35729
2025-08-28T11:34:42.029+03:00  INFO 17270 --- [restartedMain] o.s.b.a.e.web.EndpointLinksResolver      : Exposing 1 endpoint beneath base path '/actuator'
2025-08-28T11:34:42.080+03:00  INFO 17270 --- [restartedMain] o.s.b.w.embedded.tomcat.TomcatWebServer  : Tomcat started on port 8080 (http) with context path '/'
2025-08-28T11:34:42.104+03:00  INFO 17270 --- [restartedMain] com.yasarcarel.Application               : Started Application in 2.378 seconds (process running for 204.071)
2025-08-28T11:34:42.109+03:00  INFO 17270 --- [restartedMain] .ConditionEvaluationDeltaLoggingListener : Condition evaluation unchanged
2025-08-28T11:35:24.675+03:00  INFO 17270 --- [http-nio-8080-exec-1] o.a.c.c.C.[Tomcat].[localhost].[/]       : Initializing Spring DispatcherServlet 'dispatcherServlet'
2025-08-28T11:35:24.676+03:00  INFO 17270 --- [http-nio-8080-exec-1] o.s.web.servlet.DispatcherServlet        : Initializing Servlet 'dispatcherServlet'
2025-08-28T11:35:24.680+03:00  INFO 17270 --- [http-nio-8080-exec-1] o.s.web.servlet.DispatcherServlet        : Completed initialization in 4 ms
2025-08-28T11:36:09.119+03:00  INFO 17270 --- [SpringApplicationShutdownHook] o.s.b.w.e.tomcat.GracefulShutdown        : Commencing graceful shutdown. Waiting for active requests to complete
2025-08-28T11:36:09.122+03:00  INFO 17270 --- [tomcat-shutdown] o.s.b.w.e.tomcat.GracefulShutdown        : Graceful shutdown complete
2025-08-28T11:36:09.129+03:00  INFO 17270 --- [SpringApplicationShutdownHook] com.yasarcarel.dto.BeanDto               : bean bittikten sonra ben varım
2025-08-28T11:36:09.130+03:00  INFO 17270 --- [SpringApplicationShutdownHook] j.LocalContainerEntityManagerFactoryBean : Closing JPA EntityManagerFactory for persistence unit 'default'
2025-08-28T11:36:09.135+03:00  INFO 17270 --- [SpringApplicationShutdownHook] com.zaxxer.hikari.HikariDataSource       : HikariPool-2 - Shutdown initiated...
2025-08-28T11:36:09.137+03:00  INFO 17270 --- [SpringApplicationShutdownHook] com.zaxxer.hikari.HikariDataSource       : HikariPool-2 - Shutdown completed.
2025-08-28T13:46:12.526+03:00  INFO 25641 --- [restartedMain] com.yasarcarel.Application               : Starting Application using Java 17.0.16 with PID 25641 (/home/yasar/IdeaProjects/springboot/SpringBoot/target/classes started by yasar in /home/yasar/IdeaProjects/springboot/SpringBoot)
2025-08-28T13:46:12.546+03:00  INFO 25641 --- [restartedMain] com.yasarcarel.Application               : No active profile set, falling back to 1 default profile: "default"
2025-08-28T13:46:12.780+03:00  INFO 25641 --- [restartedMain] .e.DevToolsPropertyDefaultsPostProcessor : Devtools property defaults active! Set 'spring.devtools.add-properties' to 'false' to disable
2025-08-28T13:46:12.780+03:00  INFO 25641 --- [restartedMain] .e.DevToolsPropertyDefaultsPostProcessor : For additional web related logging consider setting the 'logging.level.web' property to 'DEBUG'
2025-08-28T13:46:15.641+03:00  INFO 25641 --- [restartedMain] .s.d.r.c.RepositoryConfigurationDelegate : Multiple Spring Data modules found, entering strict repository configuration mode
2025-08-28T13:46:15.644+03:00  INFO 25641 --- [restartedMain] .s.d.r.c.RepositoryConfigurationDelegate : Bootstrapping Spring Data JDBC repositories in DEFAULT mode.
2025-08-28T13:46:15.690+03:00  INFO 25641 --- [restartedMain] .s.d.r.c.RepositoryConfigurationDelegate : Finished Spring Data repository scanning in 21 ms. Found 0 JDBC repository interfaces.
2025-08-28T13:46:15.711+03:00  INFO 25641 --- [restartedMain] .s.d.r.c.RepositoryConfigurationDelegate : Multiple Spring Data modules found, entering strict repository configuration mode
2025-08-28T13:46:15.713+03:00  INFO 25641 --- [restartedMain] .s.d.r.c.RepositoryConfigurationDelegate : Bootstrapping Spring Data JPA repositories in DEFAULT mode.
2025-08-28T13:46:15.730+03:00  INFO 25641 --- [restartedMain] .s.d.r.c.RepositoryConfigurationDelegate : Finished Spring Data repository scanning in 4 ms. Found 0 JPA repository interfaces.
2025-08-28T13:46:17.140+03:00  INFO 25641 --- [restartedMain] o.s.b.w.embedded.tomcat.TomcatWebServer  : Tomcat initialized with port 8080 (http)
2025-08-28T13:46:17.165+03:00  INFO 25641 --- [restartedMain] o.apache.catalina.core.StandardService   : Starting service [Tomcat]
2025-08-28T13:46:17.166+03:00  INFO 25641 --- [restartedMain] o.apache.catalina.core.StandardEngine    : Starting Servlet engine: [Apache Tomcat/10.1.43]
2025-08-28T13:46:17.272+03:00  INFO 25641 --- [restartedMain] o.a.c.c.C.[Tomcat].[localhost].[/]       : Initializing Spring embedded WebApplicationContext
2025-08-28T13:46:17.273+03:00  INFO 25641 --- [restartedMain] w.s.c.ServletWebServerApplicationContext : Root WebApplicationContext: initialization completed in 4492 ms
2025-08-28T13:46:17.899+03:00  INFO 25641 --- [restartedMain] o.hibernate.jpa.internal.util.LogHelper  : HHH000204: Processing PersistenceUnitInfo [name: default]
2025-08-28T13:46:18.011+03:00  INFO 25641 --- [restartedMain] org.hibernate.Version                    : HHH000412: Hibernate ORM core version 6.6.22.Final
2025-08-28T13:46:18.082+03:00  INFO 25641 --- [restartedMain] o.h.c.internal.RegionFactoryInitiator    : HHH000026: Second-level cache disabled
2025-08-28T13:46:18.638+03:00  INFO 25641 --- [restartedMain] o.s.o.j.p.SpringPersistenceUnitInfo      : No LoadTimeWeaver setup: ignoring JPA class transformer
2025-08-28T13:46:18.695+03:00  INFO 25641 --- [restartedMain] com.zaxxer.hikari.HikariDataSource       : HikariPool-1 - Starting...
2025-08-28T13:46:19.176+03:00  INFO 25641 --- [restartedMain] com.zaxxer.hikari.pool.HikariPool        : HikariPool-1 - Added connection conn0: url=jdbc:h2:file:./memory_persist/denemedb user=ROOT
2025-08-28T13:46:19.181+03:00  INFO 25641 --- [restartedMain] com.zaxxer.hikari.HikariDataSource       : HikariPool-1 - Start completed.
2025-08-28T13:46:19.223+03:00  WARN 25641 --- [restartedMain] org.hibernate.orm.deprecation            : HHH90000025: H2Dialect does not need to be specified explicitly using 'hibernate.dialect' (remove the property setting and it will be selected by default)
2025-08-28T13:46:19.273+03:00  INFO 25641 --- [restartedMain] org.hibernate.orm.connections.pooling    : HHH10001005: Database info:
	Database JDBC URL [Connecting through datasource 'HikariDataSource (HikariPool-1)']
	Database driver: undefined/unknown
	Database version: 2.3.232
	Autocommit mode: undefined/unknown
	Isolation level: undefined/unknown
	Minimum pool size: undefined/unknown
	Maximum pool size: undefined/unknown
2025-08-28T13:46:19.961+03:00  INFO 25641 --- [restartedMain] o.h.e.t.j.p.i.JtaPlatformInitiator       : HHH000489: No JTA platform available (set 'hibernate.transaction.jta.platform' to enable JTA platform integration)
2025-08-28T13:46:19.971+03:00  INFO 25641 --- [restartedMain] j.LocalContainerEntityManagerFactoryBean : Initialized JPA EntityManagerFactory for persistence unit 'default'
2025-08-28T13:46:20.080+03:00  INFO 25641 --- [restartedMain] com.yasarcarel.dto.BeanDto               : bean başlamadan önce ben varım
2025-08-28T13:46:20.218+03:00  WARN 25641 --- [restartedMain] JpaBaseConfiguration$JpaWebConfiguration : spring.jpa.open-in-view is enabled by default. Therefore, database queries may be performed during view rendering. Explicitly configure spring.jpa.open-in-view to disable this warning
2025-08-28T13:46:21.700+03:00  WARN 25641 --- [restartedMain] ion$DefaultTemplateResolverConfiguration : Cannot find template location: classpath:/templates/ (please add some templates, check your Thymeleaf configuration, or set spring.thymeleaf.check-template-location=false)
2025-08-28T13:46:22.396+03:00  INFO 25641 --- [restartedMain] o.s.b.a.h2.H2ConsoleAutoConfiguration    : H2 console available at '/h2-console'. Database available at 'jdbc:h2:file:./memory_persist/denemedb'
2025-08-28T13:46:22.437+03:00  INFO 25641 --- [restartedMain] o.s.b.d.a.OptionalLiveReloadServer       : LiveReload server is running on port 35729
2025-08-28T13:46:22.452+03:00  INFO 25641 --- [restartedMain] o.s.b.a.e.web.EndpointLinksResolver      : Exposing 1 endpoint beneath base path '/actuator'
2025-08-28T13:46:22.598+03:00  INFO 25641 --- [restartedMain] o.s.b.w.embedded.tomcat.TomcatWebServer  : Tomcat started on port 8080 (http) with context path '/'
2025-08-28T13:46:22.638+03:00  INFO 25641 --- [restartedMain] com.yasarcarel.Application               : Started Application in 11.758 seconds (process running for 13.66)
